objc[32897]: Class AXEmojiUtilities is implemented in both /Applications/Xcode.app/Contents/Developer/Platforms/iPhoneSimulator.platform/Developer/SDKs/iPhoneSimulator7.1.sdk/System/Library/PrivateFrameworks/AccessibilityUtilities.framework/AccessibilityUtilities and /Applications/Xcode.app/Contents/Developer/Platforms/iPhoneSimulator.platform/Developer/SDKs/iPhoneSimulator7.1.sdk/usr/lib/libAXSpeechManager.dylib. One of the two will be used. Which one is undefined.
2014-07-15 19:43:08.229 omates[32897:70b] Cannot find executable for CFBundle 0xa657670 </Applications/Xcode.app/Contents/Developer/Platforms/iPhoneSimulator.platform/Developer/SDKs/iPhoneSimulator7.1.sdk/System/Library/AccessibilityBundles/CertUIFramework.axbundle> (not loaded)
2014-07-15 19:43:08.236 omates[32897:70b] Cannot find executable for CFBundle 0xa281bb0 </Applications/Xcode.app/Contents/Developer/Platforms/iPhoneSimulator.platform/Developer/SDKs/iPhoneSimulator7.1.sdk/System/Library/AccessibilityBundles/GeoServices.axbundle> (not loaded)
2014-07-15 19:43:08.286 omates[32897:70b] Multi-tasking -> Device: YES, App: YES
2014-07-15 19:43:08.305 omates[32897:70b] Unlimited access to network resources
2014-07-15 19:43:08.411 omates[32897:70b] [CDVTimer][keyboard] 0.084996ms
2014-07-15 19:43:08.411 omates[32897:70b] CDVPlugin class CDVStatusBar (pluginName: statusbar) does not exist.
2014-07-15 19:43:08.412 omates[32897:70b] [CDVTimer][statusbar] 0.412047ms
2014-07-15 19:43:08.412 omates[32897:70b] [CDVTimer][TotalPluginStartup] 1.441956ms
2014-07-15 19:43:08.599 omates[32897:70b] Resetting plugins due to page load.
2014-07-15 19:43:08.776 omates[32897:70b] Finished load of: file:///Users/Au/Library/Application%20Support/iPhone%20Simulator/7.1/Applications/D46D1DEA-DD50-4F68-979D-918326E09497/omates.app/www/index.html#/tab/dash
objc[58260]: Class AXEmojiUtilities is implemented in both /Applications/Xcode.app/Contents/Developer/Platforms/iPhoneSimulator.platform/Developer/SDKs/iPhoneSimulator7.1.sdk/System/Library/PrivateFrameworks/AccessibilityUtilities.framework/AccessibilityUtilities and /Applications/Xcode.app/Contents/Developer/Platforms/iPhoneSimulator.platform/Developer/SDKs/iPhoneSimulator7.1.sdk/usr/lib/libAXSpeechManager.dylib. One of the two will be used. Which one is undefined.
2014-07-17 13:38:18.497 omates[58260:70b] Cannot find executable for CFBundle 0xa579e70 </Applications/Xcode.app/Contents/Developer/Platforms/iPhoneSimulator.platform/Developer/SDKs/iPhoneSimulator7.1.sdk/System/Library/AccessibilityBundles/CertUIFramework.axbundle> (not loaded)
2014-07-17 13:38:18.502 omates[58260:70b] Cannot find executable for CFBundle 0xa244c30 </Applications/Xcode.app/Contents/Developer/Platforms/iPhoneSimulator.platform/Developer/SDKs/iPhoneSimulator7.1.sdk/System/Library/AccessibilityBundles/GeoServices.axbundle> (not loaded)
2014-07-17 13:38:18.564 omates[58260:70b] Multi-tasking -> Device: YES, App: YES
2014-07-17 13:38:18.593 omates[58260:70b] Unlimited access to network resources
2014-07-17 13:38:18.906 omates[58260:70b] [CDVTimer][keyboard] 0.097036ms
2014-07-17 13:38:18.906 omates[58260:70b] CDVPlugin class CDVStatusBar (pluginName: statusbar) does not exist.
2014-07-17 13:38:18.907 omates[58260:70b] [CDVTimer][statusbar] 0.366032ms
2014-07-17 13:38:18.907 omates[58260:70b] [CDVTimer][TotalPluginStartup] 1.244962ms
2014-07-17 13:38:19.081 omates[58260:70b] Resetting plugins due to page load.
2014-07-17 13:38:19.712 omates[58260:70b] Finished load of: file:///Users/Au/Library/Application%20Support/iPhone%20Simulator/7.1/Applications/D46D1DEA-DD50-4F68-979D-918326E09497/omates.app/www/index.html#/sign-in
2014-07-17 13:38:19.802 omates[58260:70b] THREAD WARNING: ['Device'] took '16.660889' ms. Plugin should use a background thread.
objc[58608]: Class AXEmojiUtilities is implemented in both /Applications/Xcode.app/Contents/Developer/Platforms/iPhoneSimulator.platform/Developer/SDKs/iPhoneSimulator7.1.sdk/System/Library/PrivateFrameworks/AccessibilityUtilities.framework/AccessibilityUtilities and /Applications/Xcode.app/Contents/Developer/Platforms/iPhoneSimulator.platform/Developer/SDKs/iPhoneSimulator7.1.sdk/usr/lib/libAXSpeechManager.dylib. One of the two will be used. Which one is undefined.
2014-07-17 13:39:25.318 omates[58608:70b] Cannot find executable for CFBundle 0xa485780 </Applications/Xcode.app/Contents/Developer/Platforms/iPhoneSimulator.platform/Developer/SDKs/iPhoneSimulator7.1.sdk/System/Library/AccessibilityBundles/GeoServices.axbundle> (not loaded)
2014-07-17 13:39:25.323 omates[58608:70b] Cannot find executable for CFBundle 0xa4a5bf0 </Applications/Xcode.app/Contents/Developer/Platforms/iPhoneSimulator.platform/Developer/SDKs/iPhoneSimulator7.1.sdk/System/Library/AccessibilityBundles/CertUIFramework.axbundle> (not loaded)
2014-07-17 13:39:25.351 omates[58608:70b] Multi-tasking -> Device: YES, App: YES
2014-07-17 13:39:25.356 omates[58608:70b] Unlimited access to network resources
2014-07-17 13:39:25.371 omates[58608:70b] [CDVTimer][keyboard] 0.055015ms
2014-07-17 13:39:25.371 omates[58608:70b] CDVPlugin class CDVStatusBar (pluginName: statusbar) does not exist.
2014-07-17 13:39:25.371 omates[58608:70b] [CDVTimer][statusbar] 0.315964ms
2014-07-17 13:39:25.372 omates[58608:70b] [CDVTimer][TotalPluginStartup] 1.129031ms
2014-07-17 13:39:25.431 omates[58608:70b] Resetting plugins due to page load.
2014-07-17 13:39:25.678 omates[58608:70b] Finished load of: file:///Users/Au/Library/Application%20Support/iPhone%20Simulator/7.1/Applications/D46D1DEA-DD50-4F68-979D-918326E09497/omates.app/www/index.html#/sign-in
